<?xml version="1.0" encoding="UTF-8"?>
<!-- Generated by org.testng.reporters.JUnitXMLReporter -->
<testsuite hostname="DESKTOP-CV56B7B" ignored="5" name="Default test" tests="1" failures="0" timestamp="21 Feb 2019 12:57:24 GMT" time="76.99" errors="0">
  <testcase name="ExceldataDriven" time="68.76" classname="com.qa.ecommerce.testscripts.LoginPageTest"/>
  <testcase name="logoutTest" time="0.0" classname="com.qa.ecommerce.testscripts.LoginPageTest">
    <ignored/>
  </testcase> <!-- logoutTest -->
  <testcase name="verifyPageTitleTest" time="0.0" classname="com.qa.ecommerce.testscripts.LoginPageTest">
    <ignored/>
  </testcase> <!-- verifyPageTitleTest -->
  <testcase name="verifyforgotpwdLinkTest" time="0.0" classname="com.qa.ecommerce.testscripts.LoginPageTest">
    <ignored/>
  </testcase> <!-- verifyforgotpwdLinkTest -->
  <testcase name="loginTest" time="0.0" classname="com.qa.ecommerce.testscripts.LoginPageTest">
    <ignored/>
  </testcase> <!-- loginTest -->
  <testcase name="LoginTest" time="0.0" classname="com.qa.ecommerce.testscripts.LoginPageTest">
    <ignored/>
  </testcase> <!-- LoginTest -->
</testsuite> <!-- Default test -->
