<?xml version="1.0" encoding="UTF-8"?>
<!-- Generated by org.testng.reporters.JUnitXMLReporter -->
<testsuite hostname="DESKTOP-CV56B7B" ignored="5" name="Test" tests="1" failures="0" timestamp="20 Feb 2019 15:04:23 GMT" time="75.083" errors="0">
  <testcase name="ExceldataDriven" time="67.597" classname="com.qa.ecommerce.testscripts.LoginPageTest"/>
  <testcase name="logoutTest" time="0.0" classname="com.qa.ecommerce.testscripts.LoginPageTest">
    <ignored/>
  </testcase> <!-- logoutTest -->
  <testcase name="verifyPageTitleTest" time="0.0" classname="com.qa.ecommerce.testscripts.LoginPageTest">
    <ignored/>
  </testcase> <!-- verifyPageTitleTest -->
  <testcase name="verifyforgotpwdLinkTest" time="0.0" classname="com.qa.ecommerce.testscripts.LoginPageTest">
    <ignored/>
  </testcase> <!-- verifyforgotpwdLinkTest -->
  <testcase name="loginTest" time="0.0" classname="com.qa.ecommerce.testscripts.LoginPageTest">
    <ignored/>
  </testcase> <!-- loginTest -->
  <testcase name="LoginTest" time="0.0" classname="com.qa.ecommerce.testscripts.LoginPageTest">
    <ignored/>
  </testcase> <!-- LoginTest -->
</testsuite> <!-- Test -->
