<?xml version="1.0" encoding="UTF-8"?>
<testng-results skipped="0" failed="0" ignored="0" total="1" passed="1">
  <reporter-output>
  </reporter-output>
  <suite name="Default suite" duration-ms="120715" started-at="2019-02-21T18:54:50Z" finished-at="2019-02-21T18:56:51Z">
    <groups>
    </groups>
    <test name="Default test" duration-ms="120715" started-at="2019-02-21T18:54:50Z" finished-at="2019-02-21T18:56:51Z">
      <class name="com.qa.ecommerce.testscripts.VerifyBrokenLinksTest">
        <test-method status="PASS" signature="setUp()[pri:0, instance:com.qa.ecommerce.testscripts.VerifyBrokenLinksTest@224edc67]" name="setUp" is-config="true" duration-ms="4104" started-at="2019-02-21T12:54:50Z" finished-at="2019-02-21T12:54:54Z">
          <reporter-output>
          </reporter-output>
        </test-method> <!-- setUp -->
        <test-method status="PASS" signature="BrokenlinksTest()[pri:0, instance:com.qa.ecommerce.testscripts.VerifyBrokenLinksTest@224edc67]" name="BrokenlinksTest" duration-ms="115947" started-at="2019-02-21T12:54:55Z" finished-at="2019-02-21T12:56:50Z">
          <reporter-output>
          </reporter-output>
        </test-method> <!-- BrokenlinksTest -->
        <test-method status="PASS" signature="quit()[pri:0, instance:com.qa.ecommerce.testscripts.VerifyBrokenLinksTest@224edc67]" name="quit" is-config="true" duration-ms="625" started-at="2019-02-21T12:56:50Z" finished-at="2019-02-21T12:56:51Z">
          <reporter-output>
          </reporter-output>
        </test-method> <!-- quit -->
      </class> <!-- com.qa.ecommerce.testscripts.VerifyBrokenLinksTest -->
    </test> <!-- Default test -->
  </suite> <!-- Default suite -->
</testng-results>
