<?xml version="1.0" encoding="UTF-8"?>
<testng-results skipped="0" failed="0" ignored="5" total="6" passed="1">
  <reporter-output>
  </reporter-output>
  <suite name="Default suite" duration-ms="81430" started-at="2019-02-20T15:39:59Z" finished-at="2019-02-20T15:41:21Z">
    <groups>
    </groups>
    <test name="Default test" duration-ms="81430" started-at="2019-02-20T15:39:59Z" finished-at="2019-02-20T15:41:21Z">
      <class name="com.qa.ecommerce.testscripts.LoginPageTest">
        <test-method status="PASS" signature="setUP()[pri:0, instance:com.qa.ecommerce.testscripts.LoginPageTest@5ec0a365]" name="setUP" is-config="true" duration-ms="11063" started-at="2019-02-20T09:40:00Z" finished-at="2019-02-20T09:40:11Z">
          <reporter-output>
          </reporter-output>
        </test-method> <!-- setUP -->
        <test-method status="PASS" signature="ExceldataDriven()[pri:5, instance:com.qa.ecommerce.testscripts.LoginPageTest@5ec0a365]" name="ExceldataDriven" duration-ms="69721" started-at="2019-02-20T09:40:11Z" finished-at="2019-02-20T09:41:20Z">
          <reporter-output>
          </reporter-output>
        </test-method> <!-- ExceldataDriven -->
        <test-method status="PASS" signature="teardown()[pri:0, instance:com.qa.ecommerce.testscripts.LoginPageTest@5ec0a365]" name="teardown" is-config="true" duration-ms="611" started-at="2019-02-20T09:41:20Z" finished-at="2019-02-20T09:41:21Z">
          <reporter-output>
          </reporter-output>
        </test-method> <!-- teardown -->
      </class> <!-- com.qa.ecommerce.testscripts.LoginPageTest -->
    </test> <!-- Default test -->
  </suite> <!-- Default suite -->
</testng-results>
